#
# A fatal error has been detected by the Java Runtime Environment:
#
#  EXCEPTION_ACCESS_VIOLATION (0xc0000005) at pc=0x0000000076c70b18, pid=2424, tid=0x0000000000002318
#
# JRE version: Java(TM) SE Runtime Environment (8.0_102-b14) (build 1.8.0_102-b14)
# Java VM: Java HotSpot(TM) 64-Bit Server VM (25.102-b14 mixed mode windows-amd64 compressed oops)
# Problematic frame:
# C  [nvoglv64.DLL+0xa50b18]
#
# Failed to write core dump. Minidumps are not enabled by default on client versions of Windows
#
# If you would like to submit a bug report, please visit:
#   http://bugreport.java.com/bugreport/crash.jsp
# The crash happened outside the Java Virtual Machine in native code.
# See problematic frame for where to report the bug.
#

---------------  T H R E A D  ---------------

Current thread (0x0000000002cf0800):  JavaThread "main" [_thread_in_native, id=8984, stack(0x0000000002ba0000,0x0000000002ca0000)]

siginfo: ExceptionCode=0xc0000005, reading address 0x0000000000000000

Registers:
RAX=0x0000000000000006, RBX=0x0000000000000000, RCX=0x000259d9a108dc0a, RDX=0x000000bb38573ed7
RSP=0x0000000002c9ec70, RBP=0x0000000000000006, RSI=0x000000001afed080, RDI=0x000000001afed080
R8 =0x000000000000004e, R9 =0x0000000000000000, R10=0x0000000000000003, R11=0x00000000510cb330
R12=0x0000000000000000, R13=0x000000001afed808, R14=0x0000000000001405, R15=0x0000000000000000
RIP=0x0000000076c70b18, EFLAGS=0x0000000000010246

Top of Stack: (sp=0x0000000002c9ec70)
0x0000000002c9ec70:   0000000000000004 0000000002cf0800
0x0000000002c9ec80:   0000000000000000 0000000002c9ee78
0x0000000002c9ec90:   0000000000000000 0000000000000000
0x0000000002c9eca0:   0000000002c9ed00 0000000000000000
0x0000000002c9ecb0:   0000000000000000 00007ffb96d12090
0x0000000002c9ecc0:   0000000000000004 0000000000000006
0x0000000002c9ecd0:   00000000173e5240 0000000000001405
0x0000000002c9ece0:   0000000017448e78 0000000000000000
0x0000000002c9ecf0:   0000000000000000 00000000769506c6
0x0000000002c9ed00:   000000001afed808 0000000000000004
0x0000000002c9ed10:   000000001afed080 0000000002ceea50
0x0000000002c9ed20:   0000000000000006 0000000000000018
0x0000000002c9ed30:   0000000000000000 0000000000000000
0x0000000002c9ed40:   00000000173e5200 0000000002cf0800
0x0000000002c9ed50:   0000000017448e78 0000000002e07de6
0x0000000002c9ed60:   0000000002cf0800 0000000002c9ee78 

Instructions: (pc=0x0000000076c70b18)
0x0000000076c70af8:   89 bc 24 a0 00 00 00 e8 bc 79 ea ff 41 81 fe 05
0x0000000076c70b08:   14 00 00 75 1f 48 8b 9c 24 c0 00 00 00 48 63 c5
0x0000000076c70b18:   8b 0b 8b 54 83 fc 3b ca 8b fa 0f 47 f9 0f 42 d1
0x0000000076c70b28:   2b fa eb 6a 41 81 fe 03 14 00 00 75 29 48 8b 9c 


Register to memory mapping:

RAX=0x0000000000000006 is an unknown value
RBX=0x0000000000000000 is an unknown value
RCX=0x000259d9a108dc0a is an unknown value
RDX=0x000000bb38573ed7 is an unknown value
RSP=0x0000000002c9ec70 is pointing into the stack for thread: 0x0000000002cf0800
RBP=0x0000000000000006 is an unknown value
RSI=0x000000001afed080 is an unknown value
RDI=0x000000001afed080 is an unknown value
R8 =0x000000000000004e is an unknown value
R9 =0x0000000000000000 is an unknown value
R10=0x0000000000000003 is an unknown value
R11=0x00000000510cb330 is an unknown value
R12=0x0000000000000000 is an unknown value
R13=0x000000001afed808 is an unknown value
R14=0x0000000000001405 is an unknown value
R15=0x0000000000000000 is an unknown value


Stack: [0x0000000002ba0000,0x0000000002ca0000],  sp=0x0000000002c9ec70,  free space=1019k
Native frames: (J=compiled Java code, j=interpreted, Vv=VM code, C=native code)
C  [nvoglv64.DLL+0xa50b18]
C  [nvoglv64.DLL+0x7306c6]
C  0x0000000002e07f54

Java frames: (J=compiled Java code, j=interpreted, Vv=VM code)
j  org.lwjgl.system.JNI.callPV(JIIIJ)V+0
j  org.lwjgl.opengl.GL11.nglDrawElements(IIIJ)V+14
j  org.lwjgl.opengl.GL11.glDrawElements(IIIJ)V+17
j  nebulous.graphics.RenderEngine.renderMesh(Lnebulous/graphics/Mesh;)V+51
j  nebulous.graphics.Mesh.render()V+1
j  nebulous.main.GameMain.render()V+4
j  nebulous.graphics.RenderEngine.render()V+3
j  nebulous.main.Game.tick()V+107
j  nebulous.main.Game.start()V+15
j  nebulous.main.GameMain.main([Ljava/lang/String;)V+13
v  ~StubRoutines::call_stub

---------------  P R O C E S S  ---------------

Java Threads: ( => current thread )
  0x00000000192a4800 JavaThread "Service Thread" daemon [_thread_blocked, id=5532, stack(0x0000000019680000,0x0000000019780000)]
  0x0000000017920800 JavaThread "C1 CompilerThread2" daemon [_thread_blocked, id=6976, stack(0x0000000019180000,0x0000000019280000)]
  0x0000000017915800 JavaThread "C2 CompilerThread1" daemon [_thread_blocked, id=6316, stack(0x0000000019080000,0x0000000019180000)]
  0x000000001790c000 JavaThread "C2 CompilerThread0" daemon [_thread_blocked, id=524, stack(0x0000000018f80000,0x0000000019080000)]
  0x000000001790a800 JavaThread "Attach Listener" daemon [_thread_blocked, id=3192, stack(0x0000000018e80000,0x0000000018f80000)]
  0x0000000017909000 JavaThread "Signal Dispatcher" daemon [_thread_blocked, id=7652, stack(0x0000000018d80000,0x0000000018e80000)]
  0x00000000178fa000 JavaThread "Finalizer" daemon [_thread_blocked, id=5624, stack(0x0000000018b90000,0x0000000018c90000)]
  0x0000000002ddf000 JavaThread "Reference Handler" daemon [_thread_blocked, id=2300, stack(0x0000000018a90000,0x0000000018b90000)]
=>0x0000000002cf0800 JavaThread "main" [_thread_in_native, id=8984, stack(0x0000000002ba0000,0x0000000002ca0000)]

Other Threads:
  0x00000000178d7800 VMThread [stack: 0x0000000018990000,0x0000000018a90000] [id=7688]
  0x00000000192a8800 WatcherThread [stack: 0x0000000019780000,0x0000000019880000] [id=6460]

VM state:not at safepoint (normal execution)

VM Mutex/Monitor currently owned by a thread: None

Heap:
 PSYoungGen      total 38400K, used 12346K [0x00000000d5f80000, 0x00000000d8a00000, 0x0000000100000000)
  eden space 33280K, 37% used [0x00000000d5f80000,0x00000000d6b8e958,0x00000000d8000000)
  from space 5120K, 0% used [0x00000000d8500000,0x00000000d8500000,0x00000000d8a00000)
  to   space 5120K, 0% used [0x00000000d8000000,0x00000000d8000000,0x00000000d8500000)
 ParOldGen       total 87552K, used 0K [0x0000000081e00000, 0x0000000087380000, 0x00000000d5f80000)
  object space 87552K, 0% used [0x0000000081e00000,0x0000000081e00000,0x0000000087380000)
 Metaspace       used 7794K, capacity 8113K, committed 8192K, reserved 1056768K
  class space    used 668K, capacity 739K, committed 768K, reserved 1048576K

Card table byte_map: [0x00000000121b0000,0x00000000125b0000] byte_map_base: 0x0000000011da1000

Marking Bits: (ParMarkBitMap*) 0x00000000516ba6c0
 Begin Bits: [0x0000000012c60000, 0x0000000014be8000)
 End Bits:   [0x0000000014be8000, 0x0000000016b70000)

Polling page: 0x0000000001290000

CodeCache: size=245760Kb used=2332Kb max_used=2339Kb free=243427Kb
 bounds [0x0000000002df0000, 0x0000000003060000, 0x0000000011df0000]
 total_blobs=1250 nmethods=478 adapters=685
 compilation: enabled

Compilation events (10 events):
Event: 1.383 Thread 0x0000000017920800 nmethod 474 0x0000000003032b90 code [0x0000000003032ec0, 0x0000000003034708]
Event: 1.383 Thread 0x0000000017920800  475       3       sun.misc.Resource::<init> (5 bytes)
Event: 1.383 Thread 0x0000000017920800 nmethod 475 0x00000000030355d0 code [0x0000000003035720, 0x00000000030358d0]
Event: 1.386 Thread 0x0000000017915800 nmethod 473 0x00000000030389d0 code [0x0000000003038b20, 0x0000000003038f58]
Event: 1.386 Thread 0x0000000017920800  476       3       java.io.FilterInputStream::<init> (10 bytes)
Event: 1.387 Thread 0x0000000017920800 nmethod 476 0x0000000003038510 code [0x0000000003038680, 0x00000000030388d0]
Event: 1.387 Thread 0x0000000017920800  477       3       java.security.CodeSource::hashCode (17 bytes)
Event: 1.387 Thread 0x0000000017920800 nmethod 477 0x0000000003037c50 code [0x0000000003037de0, 0x0000000003038368]
Event: 1.387 Thread 0x0000000017920800  478  s    3       java.net.URL::hashCode (30 bytes)
Event: 1.387 Thread 0x0000000017920800 nmethod 478 0x00000000030375d0 code [0x0000000003037740, 0x0000000003037b68]

GC Heap History (0 events):
No events

Deoptimization events (0 events):
No events

Internal exceptions (8 events):
Event: 0.056 Thread 0x0000000002cf0800 Exception <a 'java/lang/NoSuchMethodError': Method sun.misc.Unsafe.defineClass(Ljava/lang/String;[BII)Ljava/lang/Class; name or signature does not match> (0x00000000d5f87c78) thrown at [C:\re\workspace\8-2-build-windows-amd64-cygwin\jdk8u102\7268\hotspot\sâwéá+†¬?
Event: 0.056 Thread 0x0000000002cf0800 Exception <a 'java/lang/NoSuchMethodError': Method sun.misc.Unsafe.prefetchRead(Ljava/lang/Object;J)V name or signature does not match> (0x00000000d5f87f60) thrown at [C:\re\workspace\8-2-build-windows-amd64-cygwin\jdk8u102\7268\hotspot\src\share\vm\prims\>ÚÂl1Í?
Event: 0.228 Thread 0x0000000002cf0800 Exception <a 'java/lang/NoSuchFieldError': method resolution failed> (0x00000000d621cdd8) thrown at [C:\re\workspace\8-2-build-windows-amd64-cygwin\jdk8u102\7268\hotspot\src\share\vm\prims\methodHandles.cpp, line 1146]
Event: 0.230 Thread 0x0000000002cf0800 Exception <a 'java/lang/NoSuchFieldError': method resolution failed> (0x00000000d622a558) thrown at [C:\re\workspace\8-2-build-windows-amd64-cygwin\jdk8u102\7268\hotspot\src\share\vm\prims\methodHandles.cpp, line 1146]
Event: 0.261 Thread 0x0000000002cf0800 Exception <a 'java/security/PrivilegedActionException'> (0x00000000d62cbed8) thrown at [C:\re\workspace\8-2-build-windows-amd64-cygwin\jdk8u102\7268\hotspot\src\share\vm\prims\jvm.cpp, line 1386]
Event: 0.261 Thread 0x0000000002cf0800 Exception <a 'java/security/PrivilegedActionException'> (0x00000000d62cc0e8) thrown at [C:\re\workspace\8-2-build-windows-amd64-cygwin\jdk8u102\7268\hotspot\src\share\vm\prims\jvm.cpp, line 1386]
Event: 0.261 Thread 0x0000000002cf0800 Exception <a 'java/security/PrivilegedActionException'> (0x00000000d62cfd30) thrown at [C:\re\workspace\8-2-build-windows-amd64-cygwin\jdk8u102\7268\hotspot\src\share\vm\prims\jvm.cpp, line 1386]
Event: 0.261 Thread 0x0000000002cf0800 Exception <a 'java/security/PrivilegedActionException'> (0x00000000d62cff40) thrown at [C:\re\workspace\8-2-build-windows-amd64-cygwin\jdk8u102\7268\hotspot\src\share\vm\prims\jvm.cpp, line 1386]

Events (10 events):
Event: 1.380 loading class org/lwjgl/system/MemoryManage$DebugAllocator
Event: 1.380 loading class org/lwjgl/system/MemoryManage$DebugAllocator done
Event: 1.381 loading class nebulous/utils/math/Matrix4f
Event: 1.381 loading class nebulous/utils/math/Matrix4f done
Event: 1.382 loading class nebulous/graphics/Mesh
Event: 1.382 loading class nebulous/graphics/Mesh done
Event: 1.386 loading class org/lwjgl/opengl/GLChecks
Event: 1.386 loading class org/lwjgl/opengl/GLChecks done
Event: 1.387 loading class nebulous/utils/Time
Event: 1.387 loading class nebulous/utils/Time done


Dynamic libraries:
0x00007ff6da830000 - 0x00007ff6da867000 	C:\Program Files\Java\jre1.8.0_102\bin\javaw.exe
0x00007ffbd0320000 - 0x00007ffbd04f1000 	C:\WINDOWS\SYSTEM32\ntdll.dll
0x00007ffbce0b0000 - 0x00007ffbce15b000 	C:\WINDOWS\System32\KERNEL32.DLL
0x00007ffbcd060000 - 0x00007ffbcd27d000 	C:\WINDOWS\System32\KERNELBASE.dll
0x00007ffbd0210000 - 0x00007ffbd02b2000 	C:\WINDOWS\System32\ADVAPI32.dll
0x00007ffbce1c0000 - 0x00007ffbce25e000 	C:\WINDOWS\System32\msvcrt.dll
0x00007ffbd01b0000 - 0x00007ffbd0209000 	C:\WINDOWS\System32\sechost.dll
0x00007ffbcdcb0000 - 0x00007ffbcddd1000 	C:\WINDOWS\System32\RPCRT4.dll
0x00007ffbce880000 - 0x00007ffbce9e5000 	C:\WINDOWS\System32\USER32.dll
0x00007ffbcd600000 - 0x00007ffbcd61e000 	C:\WINDOWS\System32\win32u.dll
0x00007ffbcd990000 - 0x00007ffbcd9c4000 	C:\WINDOWS\System32\GDI32.dll
0x00007ffbcd720000 - 0x00007ffbcd8a2000 	C:\WINDOWS\System32\gdi32full.dll
0x00007ffbc7ec0000 - 0x00007ffbc8139000 	C:\WINDOWS\WinSxS\amd64_microsoft.windows.common-controls_6595b64144ccf1df_6.0.14393.0_none_2d0f50fcbdb171b8\COMCTL32.dll
0x00007ffbcdde0000 - 0x00007ffbce0a7000 	C:\WINDOWS\System32\combase.dll
0x00007ffbcd620000 - 0x00007ffbcd715000 	C:\WINDOWS\System32\ucrtbase.dll
0x00007ffbcc870000 - 0x00007ffbcc8da000 	C:\WINDOWS\System32\bcryptPrimitives.dll
0x00007ffbcd8b0000 - 0x00007ffbcd8de000 	C:\WINDOWS\System32\IMM32.DLL
0x0000000050bf0000 - 0x0000000050cc1000 	C:\Program Files\Java\jre1.8.0_102\bin\msvcr100.dll
0x0000000050ea0000 - 0x000000005173a000 	C:\Program Files\Java\jre1.8.0_102\bin\server\jvm.dll
0x00007ffbcd8e0000 - 0x00007ffbcd8e8000 	C:\WINDOWS\System32\PSAPI.DLL
0x00007ffbca610000 - 0x00007ffbca619000 	C:\WINDOWS\SYSTEM32\WSOCK32.dll
0x00007ffbcec30000 - 0x00007ffbcec9a000 	C:\WINDOWS\System32\WS2_32.dll
0x00007ffbca9a0000 - 0x00007ffbca9c3000 	C:\WINDOWS\SYSTEM32\WINMM.dll
0x00007ffbc7aa0000 - 0x00007ffbc7aaa000 	C:\WINDOWS\SYSTEM32\VERSION.dll
0x00007ffbca700000 - 0x00007ffbca72b000 	C:\WINDOWS\SYSTEM32\WINMMBASE.dll
0x00007ffbcd450000 - 0x00007ffbcd492000 	C:\WINDOWS\System32\cfgmgr32.dll
0x0000000050db0000 - 0x0000000050dbf000 	C:\Program Files\Java\jre1.8.0_102\bin\verify.dll
0x0000000050d80000 - 0x0000000050da9000 	C:\Program Files\Java\jre1.8.0_102\bin\java.dll
0x0000000050d60000 - 0x0000000050d76000 	C:\Program Files\Java\jre1.8.0_102\bin\zip.dll
0x00007ffbceca0000 - 0x00007ffbd01a8000 	C:\WINDOWS\System32\SHELL32.dll
0x00007ffbcc980000 - 0x00007ffbcd05a000 	C:\WINDOWS\System32\windows.storage.dll
0x00007ffbcc7c0000 - 0x00007ffbcc80c000 	C:\WINDOWS\System32\powrprof.dll
0x00007ffbd02c0000 - 0x00007ffbd0312000 	C:\WINDOWS\System32\shlwapi.dll
0x00007ffbcc780000 - 0x00007ffbcc78f000 	C:\WINDOWS\System32\kernel.appcore.dll
0x00007ffbcd550000 - 0x00007ffbcd5f9000 	C:\WINDOWS\System32\shcore.dll
0x00007ffbcc790000 - 0x00007ffbcc7a4000 	C:\WINDOWS\System32\profapi.dll
0x00007ffb96c90000 - 0x00007ffb96da7000 	C:\My Stuff\Java Development\Nebulous2D V4\Nebulous2D-V4\Nebulous2D_V4\lib\lwjgl-3.0.0\native\lwjgl.dll
0x00007ffbcdb70000 - 0x00007ffbcdca7000 	C:\WINDOWS\System32\ole32.dll
0x00007ffbcc250000 - 0x00007ffbcc25b000 	C:\WINDOWS\SYSTEM32\CRYPTBASE.DLL
0x00007ffb96c50000 - 0x00007ffb96c8c000 	C:\My Stuff\Java Development\Nebulous2D V4\Nebulous2D-V4\Nebulous2D_V4\lib\lwjgl-3.0.0\native\glfw.dll
0x00007ffbcaf70000 - 0x00007ffbcb005000 	C:\WINDOWS\system32\uxtheme.dll
0x00007ffb96c10000 - 0x00007ffb96c50000 	C:\WINDOWS\SYSTEM32\dinput8.dll
0x00007ffbca630000 - 0x00007ffbca63e000 	C:\WINDOWS\SYSTEM32\xinput1_4.dll
0x00007ffbcb3c0000 - 0x00007ffbcb3e8000 	C:\WINDOWS\SYSTEM32\DEVOBJ.dll
0x00007ffbca5b0000 - 0x00007ffbca5d6000 	C:\WINDOWS\SYSTEM32\dwmapi.dll
0x00007ffbbc6b0000 - 0x00007ffbbc7d3000 	C:\WINDOWS\SYSTEM32\opengl32.dll
0x00007ffbc4280000 - 0x00007ffbc42ad000 	C:\WINDOWS\SYSTEM32\GLU32.dll
0x00007ffbc3ed0000 - 0x00007ffbc3fc7000 	C:\WINDOWS\SYSTEM32\DDRAW.dll
0x00007ffbc7a50000 - 0x00007ffbc7a58000 	C:\WINDOWS\SYSTEM32\DCIMAN32.dll
0x00007ffbcb990000 - 0x00007ffbcb99c000 	C:\WINDOWS\SYSTEM32\HID.DLL
0x00007ffbce450000 - 0x00007ffbce879000 	C:\WINDOWS\System32\SETUPAPI.DLL
0x00007ffbcc810000 - 0x00007ffbcc865000 	C:\WINDOWS\System32\WINTRUST.dll
0x00007ffbcc7b0000 - 0x00007ffbcc7c0000 	C:\WINDOWS\System32\MSASN1.dll
0x00007ffbcd280000 - 0x00007ffbcd448000 	C:\WINDOWS\System32\CRYPT32.dll
0x00007ffbce2d0000 - 0x00007ffbce42b000 	C:\WINDOWS\System32\MSCTF.dll
0x00007ffbce9f0000 - 0x00007ffbceaaf000 	C:\WINDOWS\System32\OLEAUT32.dll
0x00007ffbcc8e0000 - 0x00007ffbcc97c000 	C:\WINDOWS\System32\msvcp_win.dll
0x0000000076220000 - 0x0000000077ffd000 	C:\WINDOWS\SYSTEM32\nvoglv64.DLL
0x00007ffbca080000 - 0x00007ffbca093000 	C:\WINDOWS\SYSTEM32\WTSAPI32.dll
0x00007ffbb5bf0000 - 0x00007ffbb5d82000 	C:\WINDOWS\SYSTEM32\dbghelp.dll
0x00007ffbcbb90000 - 0x00007ffbcbbc2000 	C:\WINDOWS\SYSTEM32\ntmarta.dll
0x00007ffbcb930000 - 0x00007ffbcb986000 	C:\WINDOWS\SYSTEM32\WINSTA.dll
0x00007ffbcb700000 - 0x00007ffbcb79f000 	C:\WINDOWS\system32\dxgi.dll
0x00007ffbc9b00000 - 0x00007ffbc9db6000 	C:\WINDOWS\system32\d3d11.dll
0x00007ffb8c3e0000 - 0x00007ffb8d6b2000 	C:\WINDOWS\SYSTEM32\nvwgf2umx.dll
0x00007ffbcc360000 - 0x00007ffbcc38b000 	C:\WINDOWS\SYSTEM32\bcrypt.dll
0x00007ffb96a50000 - 0x00007ffb96c07000 	C:\WINDOWS\system32\nvspcap64.dll
0x00007ffbc8b50000 - 0x00007ffbc8c1c000 	C:\WINDOWS\SYSTEM32\WINHTTP.dll
0x00007ffbc6fd0000 - 0x00007ffbc737f000 	C:\WINDOWS\system32\nvapi64.dll
0x00007ffbcc480000 - 0x00007ffbcc4ac000 	C:\WINDOWS\SYSTEM32\SspiCli.dll
0x00007ffb96a10000 - 0x00007ffb96a4b000 	C:\My Stuff\Java Development\Nebulous2D V4\Nebulous2D-V4\Nebulous2D_V4\lib\lwjgl-3.0.0\native\jemalloc.dll

VM Arguments:
jvm_args: -Djava.library.path=C:\My Stuff\Java Development\Nebulous2D V4\Nebulous2D-V4\Nebulous2D_V4\lib\lwjgl-3.0.0\native -Dfile.encoding=Cp1252 
java_command: nebulous.main.GameMain
java_class_path (initial): C:\My Stuff\Java Development\Nebulous2D V4\Nebulous2D-V4\Nebulous2D_V4\bin;C:\My Stuff\Java Development\Nebulous2D V4\Nebulous2D-V4\Nebulous2D_V4\lib\lwjgl.jar
Launcher Type: SUN_STANDARD

Environment Variables:
PATH=C:/Program Files/Java/jre1.8.0_102/bin/server;C:/Program Files/Java/jre1.8.0_102/bin;C:/Program Files/Java/jre1.8.0_102/lib/amd64;C:\ProgramData\Oracle\Java\javapath;C:\Program Files (x86)\Intel\iCLS Client\;C:\Program Files\Intel\iCLS Client\;C:\Windows\system32;C:\Windows;C:\Windows\System32\Wbem;C:\Windows\System32\WindowsPowerShell\v1.0\;C:\Program Files (x86)\Intel\Intel(R) Management Engine Components\DAL;C:\Program Files\Intel\Intel(R) Management Engine Components\DAL;C:\Program Files (x86)\Intel\Intel(R) Management Engine Components\IPT;C:\Program Files\Intel\Intel(R) Management Engine Components\IPT;C:\Program Files (x86)\NVIDIA Corporation\PhysX\Common;C:\WINDOWS\system32\config\systemprofile\.dnx\bin;C:\Program Files\Microsoft DNX\Dnvm\;C:\Program Files (x86)\Windows Kits\8.1\Windows Performance Toolkit\;C:\Program Files\Microsoft SQL Server\130\Tools\Binn\;C:\WINDOWS\system32;C:\WINDOWS;C:\WINDOWS\System32\Wbem;C:\WINDOWS\System32\WindowsPowerShell\v1.0\;C:\Users\Nebulous\AppData\Local\Microsoft\WindowsApps;;C:\Users\Nebulous\eclipse\java-neon\eclipse;
USERNAME=Nebulous
OS=Windows_NT
PROCESSOR_IDENTIFIER=Intel64 Family 6 Model 78 Stepping 3, GenuineIntel



---------------  S Y S T E M  ---------------

OS: Windows 10.0 , 64 bit Build 14393 (10.0.14393.0)

CPU:total 4 (2 cores per cpu, 2 threads per core) family 6 model 78 stepping 3, cmov, cx8, fxsr, mmx, sse, sse2, sse3, ssse3, sse4.1, sse4.2, popcnt, avx, avx2, aes, clmul, erms, 3dnowpref, lzcnt, ht, tsc, tscinvbit, bmi1, bmi2, adx

Memory: 4k page, physical 8259484k(4200744k free), swap 9635740k(4763488k free)

vm_info: Java HotSpot(TM) 64-Bit Server VM (25.102-b14) for windows-amd64 JRE (1.8.0_102-b14), built on Jun 22 2016 13:15:21 by "java_re" with MS VC++ 10.0 (VS2010)

time: Tue Sep 27 13:52:48 2016
elapsed time: 1 seconds (0d 0h 0m 1s)

