2016-09-18 12:58:13,049 [Worker-1] INFO  c.g.t.t.d.PublishedGradleVersions - Gradle version information cache is out-of-date. Trying to update.
2016-09-22 11:25:33,917 [Worker-0] INFO  c.g.t.t.d.PublishedGradleVersions - Gradle version information cache is out-of-date. Trying to update.
2016-09-22 13:45:55,354 [Start Help Server] INFO  org.eclipse.jetty.util.log - Logging initialized @8453868ms
2016-09-22 13:45:55,653 [Start Help Server] INFO  org.eclipse.jetty.server.Server - jetty-9.3.9.v20160517
2016-09-22 13:45:55,735 [Start Help Server] INFO  o.e.j.server.handler.ContextHandler - Started o.e.j.s.ServletContextHandler@21861724{/help,null,AVAILABLE}
2016-09-22 13:45:55,771 [Start Help Server] INFO  o.e.jetty.server.AbstractConnector - Started ServerConnector@232784cd{HTTP/1.1,[http/1.1]}{127.0.0.1:56390}
2016-09-22 13:45:55,771 [Start Help Server] INFO  org.eclipse.jetty.server.Server - Started @8454285ms
2016-09-22 13:50:07,102 [Stop Help Server] INFO  o.e.jetty.server.AbstractConnector - Stopped ServerConnector@232784cd{HTTP/1.1,[http/1.1]}{127.0.0.1:0}
2016-09-22 13:50:07,124 [Stop Help Server] INFO  o.e.j.server.handler.ContextHandler - Stopped o.e.j.s.ServletContextHandler@21861724{/help,null,UNAVAILABLE}
2016-09-22 13:50:28,606 [Worker-2] INFO  c.g.t.t.d.PublishedGradleVersions - Gradle version information cache is up-to-date. Trying to read.
2016-09-22 14:01:39,707 [Start Help Server] INFO  org.eclipse.jetty.util.log - Logging initialized @683618ms
2016-09-22 14:01:39,811 [Start Help Server] INFO  org.eclipse.jetty.server.Server - jetty-9.3.9.v20160517
2016-09-22 14:01:39,868 [Start Help Server] INFO  o.e.j.server.handler.ContextHandler - Started o.e.j.s.ServletContextHandler@5959e45b{/help,null,AVAILABLE}
2016-09-22 14:01:39,885 [Start Help Server] INFO  o.e.jetty.server.AbstractConnector - Started ServerConnector@10d7dbfa{HTTP/1.1,[http/1.1]}{127.0.0.1:56463}
2016-09-22 14:01:39,885 [Start Help Server] INFO  org.eclipse.jetty.server.Server - Started @683796ms
2016-09-22 17:25:23,246 [Stop Help Server] INFO  o.e.jetty.server.AbstractConnector - Stopped ServerConnector@10d7dbfa{HTTP/1.1,[http/1.1]}{127.0.0.1:0}
2016-09-22 17:25:23,261 [Stop Help Server] INFO  o.e.j.server.handler.ContextHandler - Stopped o.e.j.s.ServletContextHandler@5959e45b{/help,null,UNAVAILABLE}
2016-09-23 12:06:46,144 [Worker-2] INFO  c.g.t.t.d.PublishedGradleVersions - Gradle version information cache is out-of-date. Trying to update.
2016-09-23 13:08:51,926 [Start Help Server] INFO  org.eclipse.jetty.util.log - Logging initialized @3749663ms
2016-09-23 13:08:52,290 [Start Help Server] INFO  org.eclipse.jetty.server.Server - jetty-9.3.9.v20160517
2016-09-23 13:08:52,427 [Start Help Server] INFO  o.e.j.server.handler.ContextHandler - Started o.e.j.s.ServletContextHandler@5eb18cec{/help,null,AVAILABLE}
2016-09-23 13:08:52,536 [Start Help Server] INFO  o.e.jetty.server.AbstractConnector - Started ServerConnector@38e7c442{HTTP/1.1,[http/1.1]}{127.0.0.1:61763}
2016-09-23 13:08:52,537 [Start Help Server] INFO  org.eclipse.jetty.server.Server - Started @3750274ms
2016-09-23 14:39:23,013 [Worker-2] INFO  c.g.t.t.d.PublishedGradleVersions - Gradle version information cache is up-to-date. Trying to read.
2016-09-23 14:42:49,814 [Start Help Server] INFO  org.eclipse.jetty.util.log - Logging initialized @268199ms
2016-09-23 14:42:50,399 [Start Help Server] INFO  org.eclipse.jetty.server.Server - jetty-9.3.9.v20160517
2016-09-23 14:42:50,523 [Start Help Server] INFO  o.e.j.server.handler.ContextHandler - Started o.e.j.s.ServletContextHandler@71e282a8{/help,null,AVAILABLE}
2016-09-23 14:42:50,626 [Start Help Server] INFO  o.e.jetty.server.AbstractConnector - Started ServerConnector@128cd64a{HTTP/1.1,[http/1.1]}{127.0.0.1:49803}
2016-09-23 14:42:50,626 [Start Help Server] INFO  org.eclipse.jetty.server.Server - Started @269011ms
2016-09-23 22:06:56,139 [Worker-5] INFO  c.g.t.t.d.PublishedGradleVersions - Gradle version information cache is out-of-date. Trying to update.
2016-09-23 22:14:37,969 [Start Help Server] INFO  org.eclipse.jetty.util.log - Logging initialized @488041ms
2016-09-23 22:14:38,078 [Start Help Server] INFO  org.eclipse.jetty.server.Server - jetty-9.3.9.v20160517
2016-09-23 22:14:38,109 [Start Help Server] INFO  o.e.j.server.handler.ContextHandler - Started o.e.j.s.ServletContextHandler@146c370e{/help,null,AVAILABLE}
2016-09-23 22:14:38,122 [Start Help Server] INFO  o.e.jetty.server.AbstractConnector - Started ServerConnector@7dec5215{HTTP/1.1,[http/1.1]}{127.0.0.1:50700}
2016-09-23 22:14:38,122 [Start Help Server] INFO  org.eclipse.jetty.server.Server - Started @488194ms
2016-09-24 09:29:51,156 [Worker-0] INFO  c.g.t.t.d.PublishedGradleVersions - Gradle version information cache is up-to-date. Trying to read.
2016-09-24 09:34:00,493 [Start Help Server] INFO  org.eclipse.jetty.util.log - Logging initialized @262640ms
2016-09-24 09:34:00,583 [Start Help Server] INFO  org.eclipse.jetty.server.Server - jetty-9.3.9.v20160517
2016-09-24 09:34:00,614 [Start Help Server] INFO  o.e.j.server.handler.ContextHandler - Started o.e.j.s.ServletContextHandler@6bf0887f{/help,null,AVAILABLE}
2016-09-24 09:34:00,627 [Start Help Server] INFO  o.e.jetty.server.AbstractConnector - Started ServerConnector@792d16e4{HTTP/1.1,[http/1.1]}{127.0.0.1:50192}
2016-09-24 09:34:00,627 [Start Help Server] INFO  org.eclipse.jetty.server.Server - Started @262774ms
2016-10-10 21:25:51,261 [Worker-3] INFO  c.g.t.t.d.PublishedGradleVersions - Gradle version information cache is out-of-date. Trying to update.
